yuangezhizao@MacMini tool % node wuWxapkg.js -s=/Applications/mp-unpack.app/Contents/Resources/tool/_-1476792104 _152161865_77.wxapkg
Unpack file _152161865_77.wxapkg...

Header info:
  firstMark: 0xbe
  unknownInfo:  0
  infoListLength:  797
  dataLength:  480892
  lastMark: 0xed

File list info:
  fileCount:  18
Saving files...
Unpack done.
now dir: /Applications/mp-unpack.app/Contents/Resources/tool/_152161865_77
param of mainDir: /Applications/mp-unpack.app/Contents/Resources/tool/_-1476792104
sub package word dir: /Applications/mp-unpack.app/Contents/Resources/tool/_152161865_77/pages/wacca
real mainDir: /Applications/mp-unpack.app/Contents/Resources/tool/_-1476792104
Split app-service.js and make up configs & wxss & wxml & wxs...
deal js ok
deal sub html ok
splitJs: /Applications/mp-unpack.app/Contents/Resources/tool/_152161865_77/pages/wacca/app-service.js
/Applications/mp-unpack.app/Contents/Resources/tool/_-1476792104 pages/wacca/wacca-machine.js
/Applications/mp-unpack.app/Contents/Resources/tool/_-1476792104 pages/wacca/wacca-detail.js
/Applications/mp-unpack.app/Contents/Resources/tool/_-1476792104 pages/wacca/wacca-statis.js
/Applications/mp-unpack.app/Contents/Resources/tool/_-1476792104 pages/wacca/wacca-vip-recharge.js
/Applications/mp-unpack.app/Contents/Resources/tool/_-1476792104 pages/wacca/wacca-shop.js
/Applications/mp-unpack.app/Contents/Resources/tool/_-1476792104 pages/wacca/wacca-consume-record.js
/Applications/mp-unpack.app/Contents/Resources/tool/_-1476792104 pages/wacca/wacca-record.js
/Applications/mp-unpack.app/Contents/Resources/tool/_-1476792104 pages/wacca/wacca-vip-rights.js
/Applications/mp-unpack.app/Contents/Resources/tool/_-1476792104 pages/wacca/wacca-grade-record.js
/Applications/mp-unpack.app/Contents/Resources/tool/_-1476792104 pages/wacca/wacca-achievement.js
/Applications/mp-unpack.app/Contents/Resources/tool/_-1476792104 pages/wacca/wacca-change-avatar.js
/Applications/mp-unpack.app/Contents/Resources/tool/_-1476792104 pages/wacca/wacca-trophy.js
/Applications/mp-unpack.app/Contents/Resources/tool/_-1476792104 pages/wacca/wacca-trophy-detail.js
/Applications/mp-unpack.app/Contents/Resources/tool/_-1476792104 pages/wacca/wacca-track.js
/Applications/mp-unpack.app/Contents/Resources/tool/_-1476792104 pages/wacca/wacca-single-rank.js
/Applications/mp-unpack.app/Contents/Resources/tool/_-1476792104 pages/wacca/wacca-rank.js
Splitting "/Applications/mp-unpack.app/Contents/Resources/tool/_152161865_77/pages/wacca/app-service.js" done.
Decompile ./pages/wacca/wacca-achievement.wxml...
Decompile success!
Decompile ./pages/wacca/wacca-change-avatar.wxml...
Decompile success!
Decompile ./pages/wacca/wacca-consume-record.wxml...
Decompile success!
Decompile ./pages/wacca/wacca-detail.wxml...
Decompile success!
Decompile ./pages/wacca/wacca-grade-record.wxml...
Decompile success!
Decompile ./pages/wacca/wacca-machine.wxml...
Decompile success!
Decompile ./pages/wacca/wacca-rank.wxml...
Decompile success!
Decompile ./pages/wacca/wacca-record.wxml...
Decompile success!
Decompile ./pages/wacca/wacca-shop.wxml...
Decompile success!
Decompile ./pages/wacca/wacca-single-rank.wxml...
Decompile success!
Decompile ./pages/wacca/wacca-statis.wxml...
Decompile success!
Decompile ./pages/wacca/wacca-track.wxml...
Decompile success!
Decompile ./pages/wacca/wacca-trophy-detail.wxml...
Decompile success!
Decompile ./pages/wacca/wacca-trophy.wxml...
Decompile success!
Decompile ./pages/wacca/wacca-vip-recharge.wxml...
Decompile success!
Decompile ./pages/wacca/wacca-vip-rights.wxml...
Decompile success!
Guess wxss(first turn)...
Import count info: {"./components/match-dialog.wxss":5,"./components/star.wxss":4,"./components/custom-statusbar.wxss":15,"./components/custom-progress.wxss":3,"./components/custom-dialog.wxss":3}
Guess wxss(first turn) done.
Generate wxss(second turn)...
Generate wxss(second turn) done.
Save wxss...
saveDir: /Applications/mp-unpack.app/Contents/Resources/tool/_-1476792104
